00:00:00.089814 main     VirtualBox COM Server 6.1.22 r144080 win.amd64 (Apr 28 2021 17:23:11) release log
00:00:00.089820 main     Log opened 2023-01-25T09:20:43.453626500Z
00:00:00.089821 main     Build Type: release
00:00:00.089828 main     OS Product: Windows 10
00:00:00.089829 main     OS Release: 10.0.19045
00:00:00.089830 main     OS Service Pack: 
00:00:00.245788 main     DMI Product Name: HP 15 Notebook PC
00:00:00.262763 main     DMI Product Version: 0975120000405F00000610180
00:00:00.262780 main     Firmware type: UEFI
00:00:00.263197 main     Secure Boot: VERR_PRIVILEGE_NOT_HELD
00:00:00.278278 main     Host RAM: 12203MB (11.9GB) total, 8222MB (8.0GB) available
00:00:00.278286 main     Executable: C:\Program Files\Oracle\VirtualBox\VBoxSVC.exe
00:00:00.278287 main     Process ID: 16128
00:00:00.278288 main     Package type: WINDOWS_64BITS_GENERIC
00:00:00.601814          VirtualBox: object creation starts
00:00:00.636299          Home directory: 'C:\Users\Ken\.VirtualBox'
00:00:00.642960          Installed Drivers:
00:00:00.658497            C:\WINDOWS\system32\DRIVERS\VBoxNetLwf.sys (Version: 6.1.22.44080)
00:00:00.659113            C:\WINDOWS\system32\DRIVERS\VBoxUSBMon.sys (Version: 6.1.22.44080)
00:00:00.659443            C:\WINDOWS\system32\DRIVERS\VBoxDrv.sys (Version: 6.1.22.44080)
00:00:00.659910            C:\WINDOWS\system32\DRIVERS\VBoxNetAdp6.sys (Version: 6.1.22.44080)
00:00:00.717135          Loading settings file "C:\Users\Ken\.VirtualBox\VirtualBox.xml" with version "1.12-windows"
00:00:00.769511          usbLibGetDevices: Starting USB device enumeration
00:00:00.779870          Getting USB descriptor (id 0) failed (dwErr=31) on hub USB#ROOT_HUB30#4&2595de76&0&0#{f18a0e88-c30c-11d0-8815-00a0c906bed8} port 4
00:00:00.794268          usbLibGetDevices: Found 4 USB devices, 0 captured
00:00:00.825524          USB: Unknown USB device detected (idVendor: 0x0bda, idProduct: 0xb001)
00:00:01.178344          netIfIsWireless: CreateFile on '\\.\{9E7CEBF4-0C46-48F1-A526-99AACBA27C9B}' failed with rcWin=2 (0x2) - ignoring
00:00:01.266721          HostDnsMonitor: initializing
00:00:01.275554          HostDnsMonitor: updating information
00:00:01.275557          HostDnsMonitor: unchanged
00:00:01.409418          VD: VDInit finished with VINF_SUCCESS
00:00:01.447565          VirtualBox: object created
00:00:26.678624          Saving settings file "C:\Users\Ken\.VirtualBox\VirtualBox.xml" with version "1.12-windows"
00:00:26.748451          Saving settings file "C:\Users\Ken\.VirtualBox\VirtualBox.xml" with version "1.12-windows"
00:00:32.986503 main     VirtualBox: object deletion starts
00:00:33.050215 main     HostDnsMonitor: shutting down ...
00:00:33.050297 main     HostDnsMonitor: shut down
00:00:33.052827 Watcher  ERROR [COM]: aRC=E_ACCESSDENIED (0x80070005) aIID={d0a0163f-e254-4e5b-a1f2-011cf991c38d} aComponent={VirtualBoxWrap} aText={The object is not ready}, preserve=false aResultDetail=0
00:00:33.095893 main     VirtualBox: object deleted
